  Calc.cpp
C:\Users\oleg\source\repos\Calc\Calc\Calc.cpp(34,12): warning C4566: символ, представленный универсальным именем символа "\u041E", невозможно представить в текущей кодовой странице (1252)
C:\Users\oleg\source\repos\Calc\Calc\Calc.cpp(34,12): warning C4566: символ, представленный универсальным именем символа "\u0448", невозможно представить в текущей кодовой странице (1252)
C:\Users\oleg\source\repos\Calc\Calc\Calc.cpp(34,12): warning C4566: символ, представленный универсальным именем символа "\u0438", невозможно представить в текущей кодовой странице (1252)
C:\Users\oleg\source\repos\Calc\Calc\Calc.cpp(34,12): warning C4566: символ, представленный универсальным именем символа "\u0431", невозможно представить в текущей кодовой странице (1252)
C:\Users\oleg\source\repos\Calc\Calc\Calc.cpp(34,12): warning C4566: символ, представленный универсальным именем символа "\u043A", невозможно представить в текущей кодовой странице (1252)
C:\Users\oleg\source\repos\Calc\Calc\Calc.cpp(34,12): warning C4566: символ, представленный универсальным именем символа "\u0430", невозможно представить в текущей кодовой странице (1252)
C:\Users\oleg\source\repos\Calc\Calc\Calc.cpp(34,12): warning C4566: символ, представленный универсальным именем символа "\u0434", невозможно представить в текущей кодовой странице (1252)
C:\Users\oleg\source\repos\Calc\Calc\Calc.cpp(34,12): warning C4566: символ, представленный универсальным именем символа "\u0435", невозможно представить в текущей кодовой странице (1252)
C:\Users\oleg\source\repos\Calc\Calc\Calc.cpp(34,12): warning C4566: символ, представленный универсальным именем символа "\u043B", невозможно представить в текущей кодовой странице (1252)
C:\Users\oleg\source\repos\Calc\Calc\Calc.cpp(34,12): warning C4566: символ, представленный универсальным именем символа "\u043D", невозможно представить в текущей кодовой странице (1252)
C:\Users\oleg\source\repos\Calc\Calc\Calc.cpp(34,12): warning C4566: символ, представленный универсальным именем символа "\u043E", невозможно представить в текущей кодовой странице (1252)
C:\Users\oleg\source\repos\Calc\Calc\Calc.cpp(34,12): warning C4566: символ, представленный универсальным именем символа "\u044C", невозможно представить в текущей кодовой странице (1252)
C:\Users\oleg\source\repos\Calc\Calc\Calc.cpp(42,11): warning C4566: символ, представленный универсальным именем символа "\u041E", невозможно представить в текущей кодовой странице (1252)
C:\Users\oleg\source\repos\Calc\Calc\Calc.cpp(42,11): warning C4566: символ, представленный универсальным именем символа "\u0448", невозможно представить в текущей кодовой странице (1252)
C:\Users\oleg\source\repos\Calc\Calc\Calc.cpp(42,11): warning C4566: символ, представленный универсальным именем символа "\u0438", невозможно представить в текущей кодовой странице (1252)
C:\Users\oleg\source\repos\Calc\Calc\Calc.cpp(42,11): warning C4566: символ, представленный универсальным именем символа "\u0431", невозможно представить в текущей кодовой странице (1252)
C:\Users\oleg\source\repos\Calc\Calc\Calc.cpp(42,11): warning C4566: символ, представленный универсальным именем символа "\u043A", невозможно представить в текущей кодовой странице (1252)
C:\Users\oleg\source\repos\Calc\Calc\Calc.cpp(42,11): warning C4566: символ, представленный универсальным именем символа "\u0430", невозможно представить в текущей кодовой странице (1252)
C:\Users\oleg\source\repos\Calc\Calc\Calc.cpp(42,11): warning C4566: символ, представленный универсальным именем символа "\u043D", невозможно представить в текущей кодовой странице (1252)
C:\Users\oleg\source\repos\Calc\Calc\Calc.cpp(42,11): warning C4566: символ, представленный универсальным именем символа "\u0435", невозможно представить в текущей кодовой странице (1252)
C:\Users\oleg\source\repos\Calc\Calc\Calc.cpp(42,11): warning C4566: символ, представленный универсальным именем символа "\u0434", невозможно представить в текущей кодовой странице (1252)
C:\Users\oleg\source\repos\Calc\Calc\Calc.cpp(42,11): warning C4566: символ, представленный универсальным именем символа "\u043E", невозможно представить в текущей кодовой странице (1252)
C:\Users\oleg\source\repos\Calc\Calc\Calc.cpp(42,11): warning C4566: символ, представленный универсальным именем символа "\u043F", невозможно представить в текущей кодовой странице (1252)
C:\Users\oleg\source\repos\Calc\Calc\Calc.cpp(42,11): warning C4566: символ, представленный универсальным именем символа "\u0443", невозможно представить в текущей кодовой странице (1252)
C:\Users\oleg\source\repos\Calc\Calc\Calc.cpp(42,11): warning C4566: символ, представленный универсальным именем символа "\u0441", невозможно представить в текущей кодовой странице (1252)
C:\Users\oleg\source\repos\Calc\Calc\Calc.cpp(42,11): warning C4566: символ, представленный универсальным именем символа "\u0442", невозможно представить в текущей кодовой странице (1252)
C:\Users\oleg\source\repos\Calc\Calc\Calc.cpp(42,11): warning C4566: символ, представленный универсальным именем символа "\u043C", невозможно представить в текущей кодовой странице (1252)
C:\Users\oleg\source\repos\Calc\Calc\Calc.cpp(42,11): warning C4566: символ, представленный универсальным именем символа "\u044F", невозможно представить в текущей кодовой странице (1252)
C:\Users\oleg\source\repos\Calc\Calc\Calc.cpp(42,11): warning C4566: символ, представленный универсальным именем символа "\u0440", невозможно представить в текущей кодовой странице (1252)
C:\Users\oleg\source\repos\Calc\Calc\Calc.cpp(42,11): warning C4566: символ, представленный универсальным именем символа "\u0446", невозможно представить в текущей кодовой странице (1252)
  Calc.vcxproj -> C:\Users\oleg\source\repos\Calc\x64\Debug\Calc.exe
